<?xml version="1.0" encoding="UTF-8"?>
<!-- Generated by org.testng.reporters.JUnitXMLReporter -->
<testsuite hostname="LAPTOP-FNE191SI" ignored="0" name="invalid Test" tests="6" failures="1" timestamp="19 Nov 2017 07:48:38 GMT" time="24.605" errors="0">
  <testcase name="TC02negativeTest" time="0.001" classname="loginTC.Invalid_gmail_loginverificationCheck"/>
  <testcase name="TC02negativeTest" time="2.439" classname="loginTC.Invalid_gmail_loginverificationCheck"/>
  <testcase name="TC02negativeTest" time="2.377" classname="loginTC.Invalid_gmail_loginverificationCheck"/>
  <testcase name="TC02negativeTest" time="2.421" classname="loginTC.Invalid_gmail_loginverificationCheck"/>
  <testcase name="TC02negativeTest" time="5.173" classname="loginTC.Invalid_gmail_loginverificationCheck"/>
  <testcase name="TC02negativeTest" time="4.892" classname="loginTC.Invalid_gmail_loginverificationCheck">
    <failure type="java.lang.AssertionError" message="Test Case Failed expected [Enter a password] but found []">
      <![CDATA[java.lang.AssertionError: Test Case Failed expected [Enter a password] but found []
	at loginTC.Invalid_gmail_loginverificationCheck.TC02negativeTest(Invalid_gmail_loginverificationCheck.java:54)
... Removed 30 stack frames]]>
    </failure>
  </testcase> <!-- TC02negativeTest -->
</testsuite> <!-- invalid Test -->
