<?xml version="1.0" encoding="UTF-8"?>
<testng-results skipped="0" failed="2" ignored="0" total="12" passed="10">
  <reporter-output>
  </reporter-output>
  <suite name="Suite" duration-ms="53200" started-at="2017-11-19T07:47:45Z" finished-at="2017-11-19T07:48:38Z">
    <groups>
    </groups>
    <test name="valid test" duration-ms="28556" started-at="2017-11-19T07:47:45Z" finished-at="2017-11-19T07:48:13Z">
      <class name="loginTC.ValidgmailLoginVerification">
        <test-method status="PASS" signature="beforeTest()[pri:0, instance:loginTC.ValidgmailLoginVerification@59494225]" name="beforeTest" is-config="true" duration-ms="9796" started-at="2017-11-19T13:17:45Z" finished-at="2017-11-19T13:17:54Z">
          <reporter-output>
          </reporter-output>
        </test-method> <!-- beforeTest -->
        <test-method status="FAIL" signature="TC01positiveTest(java.lang.String, java.lang.String, java.lang.String, java.lang.String)[pri:0, instance:loginTC.ValidgmailLoginVerification@59494225]" name="TC01positiveTest" duration-ms="18135" started-at="2017-11-19T13:17:55Z" data-provider="dp" finished-at="2017-11-19T13:18:13Z">
          <params>
            <param index="0">
              <value>
                <![CDATA[TC01_correctcredentialcheck]]>
              </value>
            </param>
            <param index="1">
              <value>
                <![CDATA[arpitselenium]]>
              </value>
            </param>
            <param index="2">
              <value>
                <![CDATA[pass123]]>
              </value>
            </param>
            <param index="3">
              <value>
                <![CDATA[correctcredential]]>
              </value>
            </param>
          </params>
          <exception class="org.openqa.selenium.NoSuchElementException">
            <message>
              <![CDATA[Unable to locate element: {"method":"xpath","selector":".//*[@id=':ij']/div/div"}
Command duration or timeout: 10.07 seconds
For documentation on this error, please visit: http://seleniumhq.org/exceptions/no_such_element.html
Build info: version: '2.50.1', revision: 'd7fc91b', time: '2016-01-29 19:04:49'
System info: host: 'LAPTOP-FNE191SI', ip: '192.168.0.29', os.name: 'Windows 10', os.arch: 'amd64', os.version: '10.0', java.version: '1.8.0_111'
Driver info: org.openqa.selenium.firefox.FirefoxDriver
Capabilities [{applicationCacheEnabled=true, rotatable=false, handlesAlerts=true, databaseEnabled=true, version=35.0, platform=WINDOWS, nativeEvents=false, acceptSslCerts=true, webStorageEnabled=true, locationContextEnabled=true, browserName=firefox, takesScreenshot=true, javascriptEnabled=true, cssSelectorsEnabled=true}]
Session ID: 43eca129-e475-4232-9481-b761f4171176
*** Element info: {Using=xpath, value=.//*[@id=':ij']/div/div}]]>
            </message>
            <full-stacktrace>
              <![CDATA[org.openqa.selenium.NoSuchElementException: Unable to locate element: {"method":"xpath","selector":".//*[@id=':ij']/div/div"}
Command duration or timeout: 10.07 seconds
For documentation on this error, please visit: http://seleniumhq.org/exceptions/no_such_element.html
Build info: version: '2.50.1', revision: 'd7fc91b', time: '2016-01-29 19:04:49'
System info: host: 'LAPTOP-FNE191SI', ip: '192.168.0.29', os.name: 'Windows 10', os.arch: 'amd64', os.version: '10.0', java.version: '1.8.0_111'
Driver info: org.openqa.selenium.firefox.FirefoxDriver
Capabilities [{applicationCacheEnabled=true, rotatable=false, handlesAlerts=true, databaseEnabled=true, version=35.0, platform=WINDOWS, nativeEvents=false, acceptSslCerts=true, webStorageEnabled=true, locationContextEnabled=true, browserName=firefox, takesScreenshot=true, javascriptEnabled=true, cssSelectorsEnabled=true}]
Session ID: 43eca129-e475-4232-9481-b761f4171176
*** Element info: {Using=xpath, value=.//*[@id=':ij']/div/div}
	at sun.reflect.NativeConstructorAccessorImpl.newInstance0(Native Method)
	at sun.reflect.NativeConstructorAccessorImpl.newInstance(Unknown Source)
	at sun.reflect.DelegatingConstructorAccessorImpl.newInstance(Unknown Source)
	at java.lang.reflect.Constructor.newInstance(Unknown Source)
	at org.openqa.selenium.remote.ErrorHandler.createThrowable(ErrorHandler.java:206)
	at org.openqa.selenium.remote.ErrorHandler.throwIfResponseFailed(ErrorHandler.java:158)
	at org.openqa.selenium.remote.RemoteWebDriver.execute(RemoteWebDriver.java:678)
	at org.openqa.selenium.remote.RemoteWebDriver.findElement(RemoteWebDriver.java:363)
	at org.openqa.selenium.remote.RemoteWebDriver.findElementByXPath(RemoteWebDriver.java:500)
	at org.openqa.selenium.By$ByXPath.findElement(By.java:361)
	at org.openqa.selenium.remote.RemoteWebDriver.findElement(RemoteWebDriver.java:355)
	at subScript.HomeMethods.logincheck(HomeMethods.java:8)
	at loginTC.ValidgmailLoginVerification.TC01positiveTest(ValidgmailLoginVerification.java:28)
	at sun.reflect.NativeMethodAccessorImpl.invoke0(Native Method)
	at sun.reflect.NativeMethodAccessorImpl.invoke(Unknown Source)
	at sun.reflect.DelegatingMethodAccessorImpl.invoke(Unknown Source)
	at java.lang.reflect.Method.invoke(Unknown Source)
	at org.testng.internal.MethodInvocationHelper.invokeMethod(MethodInvocationHelper.java:108)
	at org.testng.internal.Invoker.invokeMethod(Invoker.java:669)
	at org.testng.internal.Invoker.invokeTestMethod(Invoker.java:877)
	at org.testng.internal.Invoker.invokeTestMethods(Invoker.java:1201)
	at org.testng.internal.TestMethodWorker.invokeTestMethods(TestMethodWorker.java:125)
	at org.testng.internal.TestMethodWorker.run(TestMethodWorker.java:109)
	at org.testng.TestRunner.privateRun(TestRunner.java:776)
	at org.testng.TestRunner.run(TestRunner.java:634)
	at org.testng.SuiteRunner.runTest(SuiteRunner.java:425)
	at org.testng.SuiteRunner.runSequentially(SuiteRunner.java:420)
	at org.testng.SuiteRunner.privateRun(SuiteRunner.java:385)
	at org.testng.SuiteRunner.run(SuiteRunner.java:334)
	at org.testng.SuiteRunnerWorker.runSuite(SuiteRunnerWorker.java:52)
	at org.testng.SuiteRunnerWorker.run(SuiteRunnerWorker.java:86)
	at org.testng.TestNG.runSuitesSequentially(TestNG.java:1318)
	at org.testng.TestNG.runSuitesLocally(TestNG.java:1243)
	at org.testng.TestNG.runSuites(TestNG.java:1161)
	at org.testng.TestNG.run(TestNG.java:1129)
	at org.testng.remote.AbstractRemoteTestNG.run(AbstractRemoteTestNG.java:114)
	at org.testng.remote.RemoteTestNG.initAndRun(RemoteTestNG.java:251)
	at org.testng.remote.RemoteTestNG.main(RemoteTestNG.java:77)
Caused by: org.openqa.selenium.NoSuchElementException: Unable to locate element: {"method":"xpath","selector":".//*[@id=':ij']/div/div"}
For documentation on this error, please visit: http://seleniumhq.org/exceptions/no_such_element.html
Build info: version: '2.50.1', revision: 'd7fc91b', time: '2016-01-29 19:04:49'
System info: host: 'LAPTOP-FNE191SI', ip: '192.168.0.29', os.name: 'Windows 10', os.arch: 'amd64', os.version: '10.0', java.version: '1.8.0_111'
Driver info: driver.version: unknown
	at <anonymous class>.FirefoxDriver.prototype.findElementInternal_(file:///C:/Users/TANAYC~1/AppData/Local/Temp/anonymous7248014549820219120webdriver-profile/extensions/fxdriver@googlecode.com/components/driver-component.js:10719)
	at <anonymous class>.fxdriver.Timer.prototype.setTimeout/<.notify(file:///C:/Users/TANAYC~1/AppData/Local/Temp/anonymous7248014549820219120webdriver-profile/extensions/fxdriver@googlecode.com/components/driver-component.js:623)
]]>
            </full-stacktrace>
          </exception> <!-- org.openqa.selenium.NoSuchElementException -->
          <reporter-output>
          </reporter-output>
        </test-method> <!-- TC01positiveTest -->
        <test-method status="PASS" signature="TC01positiveTest(java.lang.String, java.lang.String, java.lang.String, java.lang.String)[pri:0, instance:loginTC.ValidgmailLoginVerification@59494225]" name="TC01positiveTest" duration-ms="3" started-at="2017-11-19T13:18:13Z" data-provider="dp" finished-at="2017-11-19T13:18:13Z">
          <params>
            <param index="0">
              <value>
                <![CDATA[TC02_blankuseridcheck]]>
              </value>
            </param>
            <param index="1">
              <value>
                <![CDATA[]]>
              </value>
            </param>
            <param index="2">
              <value>
                <![CDATA[pass123]]>
              </value>
            </param>
            <param index="3">
              <value>
                <![CDATA[blank_userid]]>
              </value>
            </param>
          </params>
          <reporter-output>
          </reporter-output>
        </test-method> <!-- TC01positiveTest -->
        <test-method status="PASS" signature="TC01positiveTest(java.lang.String, java.lang.String, java.lang.String, java.lang.String)[pri:0, instance:loginTC.ValidgmailLoginVerification@59494225]" name="TC01positiveTest" duration-ms="4" started-at="2017-11-19T13:18:13Z" data-provider="dp" finished-at="2017-11-19T13:18:13Z">
          <params>
            <param index="0">
              <value>
                <![CDATA[TC03_specialCharUseridCheck]]>
              </value>
            </param>
            <param index="1">
              <value>
                <![CDATA[$#]]>
              </value>
            </param>
            <param index="2">
              <value>
                <![CDATA[pass123]]>
              </value>
            </param>
            <param index="3">
              <value>
                <![CDATA[specialChar_Userid]]>
              </value>
            </param>
          </params>
          <reporter-output>
          </reporter-output>
        </test-method> <!-- TC01positiveTest -->
        <test-method status="PASS" signature="TC01positiveTest(java.lang.String, java.lang.String, java.lang.String, java.lang.String)[pri:0, instance:loginTC.ValidgmailLoginVerification@59494225]" name="TC01positiveTest" duration-ms="1" started-at="2017-11-19T13:18:13Z" data-provider="dp" finished-at="2017-11-19T13:18:13Z">
          <params>
            <param index="0">
              <value>
                <![CDATA[TC04_InvalidUseridcheck]]>
              </value>
            </param>
            <param index="1">
              <value>
                <![CDATA[arpit p123]]>
              </value>
            </param>
            <param index="2">
              <value>
                <![CDATA[pass123]]>
              </value>
            </param>
            <param index="3">
              <value>
                <![CDATA[Invalid_userid]]>
              </value>
            </param>
          </params>
          <reporter-output>
          </reporter-output>
        </test-method> <!-- TC01positiveTest -->
        <test-method status="PASS" signature="TC01positiveTest(java.lang.String, java.lang.String, java.lang.String, java.lang.String)[pri:0, instance:loginTC.ValidgmailLoginVerification@59494225]" name="TC01positiveTest" duration-ms="1" started-at="2017-11-19T13:18:13Z" data-provider="dp" finished-at="2017-11-19T13:18:13Z">
          <params>
            <param index="0">
              <value>
                <![CDATA[TC05_blankpassword_check]]>
              </value>
            </param>
            <param index="1">
              <value>
                <![CDATA[arpitselenium]]>
              </value>
            </param>
            <param index="2">
              <value>
                <![CDATA[]]>
              </value>
            </param>
            <param index="3">
              <value>
                <![CDATA[blank_password]]>
              </value>
            </param>
          </params>
          <reporter-output>
          </reporter-output>
        </test-method> <!-- TC01positiveTest -->
        <test-method status="PASS" signature="TC01positiveTest(java.lang.String, java.lang.String, java.lang.String, java.lang.String)[pri:0, instance:loginTC.ValidgmailLoginVerification@59494225]" name="TC01positiveTest" duration-ms="1" started-at="2017-11-19T13:18:13Z" data-provider="dp" finished-at="2017-11-19T13:18:13Z">
          <params>
            <param index="0">
              <value>
                <![CDATA[TC06_wrongPasswordCheck]]>
              </value>
            </param>
            <param index="1">
              <value>
                <![CDATA[arpitselenium]]>
              </value>
            </param>
            <param index="2">
              <value>
                <![CDATA[passw123]]>
              </value>
            </param>
            <param index="3">
              <value>
                <![CDATA[Wrong_Password]]>
              </value>
            </param>
          </params>
          <reporter-output>
          </reporter-output>
        </test-method> <!-- TC01positiveTest -->
        <test-method status="PASS" signature="afterTest()[pri:0, instance:loginTC.ValidgmailLoginVerification@59494225]" name="afterTest" is-config="true" duration-ms="17" started-at="2017-11-19T13:18:13Z" finished-at="2017-11-19T13:18:13Z">
          <reporter-output>
          </reporter-output>
        </test-method> <!-- afterTest -->
      </class> <!-- loginTC.ValidgmailLoginVerification -->
    </test> <!-- valid test -->
    <test name="invalid Test" duration-ms="24605" started-at="2017-11-19T07:48:13Z" finished-at="2017-11-19T07:48:38Z">
      <class name="loginTC.Invalid_gmail_loginverificationCheck">
        <test-method status="PASS" signature="beforeTest()[pri:0, instance:loginTC.Invalid_gmail_loginverificationCheck@2038ae61]" name="beforeTest" is-config="true" duration-ms="7218" started-at="2017-11-19T13:18:13Z" finished-at="2017-11-19T13:18:20Z">
          <reporter-output>
          </reporter-output>
        </test-method> <!-- beforeTest -->
        <test-method status="PASS" signature="TC02negativeTest(java.lang.String, java.lang.String, java.lang.String, java.lang.String)[pri:0, instance:loginTC.Invalid_gmail_loginverificationCheck@2038ae61]" name="TC02negativeTest" duration-ms="1" started-at="2017-11-19T13:18:20Z" data-provider="dp" finished-at="2017-11-19T13:18:20Z">
          <params>
            <param index="0">
              <value>
                <![CDATA[TC01_correctcredentialcheck]]>
              </value>
            </param>
            <param index="1">
              <value>
                <![CDATA[arpitselenium]]>
              </value>
            </param>
            <param index="2">
              <value>
                <![CDATA[pass123]]>
              </value>
            </param>
            <param index="3">
              <value>
                <![CDATA[correctcredential]]>
              </value>
            </param>
          </params>
          <reporter-output>
          </reporter-output>
        </test-method> <!-- TC02negativeTest -->
        <test-method status="PASS" signature="TC02negativeTest(java.lang.String, java.lang.String, java.lang.String, java.lang.String)[pri:0, instance:loginTC.Invalid_gmail_loginverificationCheck@2038ae61]" name="TC02negativeTest" duration-ms="2439" started-at="2017-11-19T13:18:20Z" data-provider="dp" finished-at="2017-11-19T13:18:23Z">
          <params>
            <param index="0">
              <value>
                <![CDATA[TC02_blankuseridcheck]]>
              </value>
            </param>
            <param index="1">
              <value>
                <![CDATA[]]>
              </value>
            </param>
            <param index="2">
              <value>
                <![CDATA[pass123]]>
              </value>
            </param>
            <param index="3">
              <value>
                <![CDATA[blank_userid]]>
              </value>
            </param>
          </params>
          <reporter-output>
          </reporter-output>
        </test-method> <!-- TC02negativeTest -->
        <test-method status="PASS" signature="TC02negativeTest(java.lang.String, java.lang.String, java.lang.String, java.lang.String)[pri:0, instance:loginTC.Invalid_gmail_loginverificationCheck@2038ae61]" name="TC02negativeTest" duration-ms="2377" started-at="2017-11-19T13:18:23Z" data-provider="dp" finished-at="2017-11-19T13:18:25Z">
          <params>
            <param index="0">
              <value>
                <![CDATA[TC03_specialCharUseridCheck]]>
              </value>
            </param>
            <param index="1">
              <value>
                <![CDATA[$#]]>
              </value>
            </param>
            <param index="2">
              <value>
                <![CDATA[pass123]]>
              </value>
            </param>
            <param index="3">
              <value>
                <![CDATA[specialChar_Userid]]>
              </value>
            </param>
          </params>
          <reporter-output>
          </reporter-output>
        </test-method> <!-- TC02negativeTest -->
        <test-method status="PASS" signature="TC02negativeTest(java.lang.String, java.lang.String, java.lang.String, java.lang.String)[pri:0, instance:loginTC.Invalid_gmail_loginverificationCheck@2038ae61]" name="TC02negativeTest" duration-ms="2421" started-at="2017-11-19T13:18:25Z" data-provider="dp" finished-at="2017-11-19T13:18:28Z">
          <params>
            <param index="0">
              <value>
                <![CDATA[TC04_InvalidUseridcheck]]>
              </value>
            </param>
            <param index="1">
              <value>
                <![CDATA[arpit p123]]>
              </value>
            </param>
            <param index="2">
              <value>
                <![CDATA[pass123]]>
              </value>
            </param>
            <param index="3">
              <value>
                <![CDATA[Invalid_userid]]>
              </value>
            </param>
          </params>
          <reporter-output>
          </reporter-output>
        </test-method> <!-- TC02negativeTest -->
        <test-method status="PASS" signature="TC02negativeTest(java.lang.String, java.lang.String, java.lang.String, java.lang.String)[pri:0, instance:loginTC.Invalid_gmail_loginverificationCheck@2038ae61]" name="TC02negativeTest" duration-ms="5173" started-at="2017-11-19T13:18:28Z" data-provider="dp" finished-at="2017-11-19T13:18:33Z">
          <params>
            <param index="0">
              <value>
                <![CDATA[TC05_blankpassword_check]]>
              </value>
            </param>
            <param index="1">
              <value>
                <![CDATA[arpitselenium]]>
              </value>
            </param>
            <param index="2">
              <value>
                <![CDATA[]]>
              </value>
            </param>
            <param index="3">
              <value>
                <![CDATA[blank_password]]>
              </value>
            </param>
          </params>
          <reporter-output>
          </reporter-output>
        </test-method> <!-- TC02negativeTest -->
        <test-method status="FAIL" signature="TC02negativeTest(java.lang.String, java.lang.String, java.lang.String, java.lang.String)[pri:0, instance:loginTC.Invalid_gmail_loginverificationCheck@2038ae61]" name="TC02negativeTest" duration-ms="4892" started-at="2017-11-19T13:18:33Z" data-provider="dp" finished-at="2017-11-19T13:18:38Z">
          <params>
            <param index="0">
              <value>
                <![CDATA[TC06_wrongPasswordCheck]]>
              </value>
            </param>
            <param index="1">
              <value>
                <![CDATA[arpitselenium]]>
              </value>
            </param>
            <param index="2">
              <value>
                <![CDATA[passw123]]>
              </value>
            </param>
            <param index="3">
              <value>
                <![CDATA[Wrong_Password]]>
              </value>
            </param>
          </params>
          <exception class="java.lang.AssertionError">
            <message>
              <![CDATA[Test Case Failed expected [Enter a password] but found []]]>
            </message>
            <full-stacktrace>
              <![CDATA[java.lang.AssertionError: Test Case Failed expected [Enter a password] but found []
	at org.testng.Assert.fail(Assert.java:93)
	at org.testng.Assert.failNotEquals(Assert.java:512)
	at org.testng.Assert.assertEqualsImpl(Assert.java:134)
	at org.testng.Assert.assertEquals(Assert.java:115)
	at org.testng.Assert.assertEquals(Assert.java:189)
	at loginTC.Invalid_gmail_loginverificationCheck.TC02negativeTest(Invalid_gmail_loginverificationCheck.java:54)
	at sun.reflect.NativeMethodAccessorImpl.invoke0(Native Method)
	at sun.reflect.NativeMethodAccessorImpl.invoke(Unknown Source)
	at sun.reflect.DelegatingMethodAccessorImpl.invoke(Unknown Source)
	at java.lang.reflect.Method.invoke(Unknown Source)
	at org.testng.internal.MethodInvocationHelper.invokeMethod(MethodInvocationHelper.java:108)
	at org.testng.internal.Invoker.invokeMethod(Invoker.java:669)
	at org.testng.internal.Invoker.invokeTestMethod(Invoker.java:877)
	at org.testng.internal.Invoker.invokeTestMethods(Invoker.java:1201)
	at org.testng.internal.TestMethodWorker.invokeTestMethods(TestMethodWorker.java:125)
	at org.testng.internal.TestMethodWorker.run(TestMethodWorker.java:109)
	at org.testng.TestRunner.privateRun(TestRunner.java:776)
	at org.testng.TestRunner.run(TestRunner.java:634)
	at org.testng.SuiteRunner.runTest(SuiteRunner.java:425)
	at org.testng.SuiteRunner.runSequentially(SuiteRunner.java:420)
	at org.testng.SuiteRunner.privateRun(SuiteRunner.java:385)
	at org.testng.SuiteRunner.run(SuiteRunner.java:334)
	at org.testng.SuiteRunnerWorker.runSuite(SuiteRunnerWorker.java:52)
	at org.testng.SuiteRunnerWorker.run(SuiteRunnerWorker.java:86)
	at org.testng.TestNG.runSuitesSequentially(TestNG.java:1318)
	at org.testng.TestNG.runSuitesLocally(TestNG.java:1243)
	at org.testng.TestNG.runSuites(TestNG.java:1161)
	at org.testng.TestNG.run(TestNG.java:1129)
	at org.testng.remote.AbstractRemoteTestNG.run(AbstractRemoteTestNG.java:114)
	at org.testng.remote.RemoteTestNG.initAndRun(RemoteTestNG.java:251)
	at org.testng.remote.RemoteTestNG.main(RemoteTestNG.java:77)
]]>
            </full-stacktrace>
          </exception> <!-- java.lang.AssertionError -->
          <reporter-output>
          </reporter-output>
        </test-method> <!-- TC02negativeTest -->
        <test-method status="PASS" signature="afterTest()[pri:0, instance:loginTC.Invalid_gmail_loginverificationCheck@2038ae61]" name="afterTest" is-config="true" duration-ms="12" started-at="2017-11-19T13:18:38Z" finished-at="2017-11-19T13:18:38Z">
          <reporter-output>
          </reporter-output>
        </test-method> <!-- afterTest -->
      </class> <!-- loginTC.Invalid_gmail_loginverificationCheck -->
    </test> <!-- invalid Test -->
  </suite> <!-- Suite -->
</testng-results>
